error: cannot lock ref 'refs/remotes/upstream/main': is at 4a9895eb6c062a8d8581adf88c14235bc0b5ccdb but expected 51bc546adf8632ed0476652d940b74836dc47263
NEW: /tmp/forgemaster/for-fleet/BOTTLE-TO-JETSONCLAW1-2026-04-14-FLYWHEEL.md
NEW: /tmp/forgemaster/for-fleet/BOTTLE-TO-JETSONCLAW1-2026-04-14-GPU-RESULTS.md
NEW: /tmp/forgemaster/for-fleet/BOTTLE-TO-JETSONCLAW1-2026-04-14-MADLIBS.md
NEW: /tmp/forgemaster/for-fleet/BOTTLE-TO-JETSONCLAW1-2026-04-14-PLATO-OS-JACK-IN.md
NEW: /tmp/forgemaster/for-fleet/BOTTLE-TO-JETSONCLAW1-2026-04-15.md
NEW: /tmp/forgemaster/for-fleet/BOTTLE-TO-JETSONCLAW1-2026-04-15-TENFORWARD.md
NEW: /tmp/forgemaster/for-fleet/BOTTLE-TO-JETSONCLAW1-2026-04-16-LOGIN-HELP.md
NEW: /tmp/forgemaster/for-fleet/BOTTLE-TO-JETSONCLAW1-2026-04-17-PLATO-UPDATE.md
NEW: /tmp/oracle1-vessel/for-fleet/BOTTLE-TO-JC1-2026-04-14-NIGHT-SHIFT.md
NEW: /tmp/oracle1-vessel/for-fleet/BOTTLE-TO-JETSONCLAW1-2026-04-13-evening.md
NEW: /tmp/oracle1-vessel/for-fleet/FLEET-UPDATE-JC1-2026-04-14.md
NEW: /tmp/oracle1-vessel/for-fleet/NUDGE-JC1-2026-04-14.md
2026-04-19T13:30:03-08:00 | 12 new bottles found
error: cannot lock ref 'refs/remotes/upstream/main': is at 3ff37d00cf161ef41fb6726031b414519fbd2556 but expected 4a9895eb6c062a8d8581adf88c14235bc0b5ccdb
2026-04-19T14:00:09-08:00 | no new bottles
2026-04-19T14:30:07-08:00 | no new bottles
2026-04-19T15:00:09-08:00 | no new bottles
2026-04-19T15:30:11-08:00 | no new bottles
2026-04-19T16:00:04-08:00 | no new bottles
2026-04-19T16:30:11-08:00 | no new bottles
2026-04-19T17:00:08-08:00 | no new bottles
2026-04-19T17:30:08-08:00 | no new bottles
error: cannot lock ref 'refs/remotes/origin/main': is at 29b55ed7bf239b1cb8c741d6463dcdd38f33ec93 but expected 96a2f09477441421c4390e1be6c5f05d4bf4fb28
2026-04-19T18:00:14-08:00 | no new bottles
fatal: unable to access 'https://github.com/SuperInstance/oracle1-vessel.git/': Could not resolve host: github.com
2026-04-19T18:30:14-08:00 | no new bottles
/home/lucineer/.openclaw/workspace/bottles/check-bottles.sh: line 12: cd: /tmp/oracle1-vessel: No such file or directory
/home/lucineer/.openclaw/workspace/bottles/check-bottles.sh: line 14: cd: /tmp/forgemaster: No such file or directory
2026-04-19T19:00:01-08:00 | no bottles found
fatal: 'upstream' does not appear to be a git repository
fatal: Could not read from remote repository.

Please make sure you have the correct access rights
and the repository exists.
2026-04-19T19:30:06-08:00 | no new bottles
fatal: 'upstream' does not appear to be a git repository
fatal: Could not read from remote repository.

Please make sure you have the correct access rights
and the repository exists.
2026-04-19T20:00:12-08:00 | no new bottles
fatal: 'upstream' does not appear to be a git repository
fatal: Could not read from remote repository.

Please make sure you have the correct access rights
and the repository exists.
2026-04-19T20:30:17-08:00 | no new bottles
fatal: unable to access 'https://github.com/SuperInstance/oracle1-vessel.git/': Could not resolve host: github.com
fatal: 'upstream' does not appear to be a git repository
fatal: Could not read from remote repository.

Please make sure you have the correct access rights
and the repository exists.
2026-04-19T21:00:16-08:00 | no new bottles
fatal: 'upstream' does not appear to be a git repository
fatal: Could not read from remote repository.

Please make sure you have the correct access rights
and the repository exists.
2026-04-19T21:30:12-08:00 | no new bottles
fatal: 'upstream' does not appear to be a git repository
fatal: Could not read from remote repository.

Please make sure you have the correct access rights
and the repository exists.
2026-04-19T22:00:03-08:00 | no new bottles
fatal: 'upstream' does not appear to be a git repository
fatal: Could not read from remote repository.

Please make sure you have the correct access rights
and the repository exists.
2026-04-19T22:30:12-08:00 | no new bottles
fatal: 'upstream' does not appear to be a git repository
fatal: Could not read from remote repository.

Please make sure you have the correct access rights
and the repository exists.
2026-04-19T23:00:06-08:00 | no new bottles
fatal: 'upstream' does not appear to be a git repository
fatal: Could not read from remote repository.

Please make sure you have the correct access rights
and the repository exists.
2026-04-19T23:30:02-08:00 | no new bottles
warning: fetch updated the current branch head.
fast-forwarding your working tree from
commit 0d7934cbd122c94f05058568389dbe9ae6ad96fa.
error: The following untracked working tree files would be overwritten by merge:
	for-fleet/BOTTLE-FROM-ORACLE1-TO-JC1-2026-04-20-PLATO-MUD.md
Please move or remove them before you merge.
Aborting
fatal: Cannot fast-forward your working tree.
After making sure that you saved anything precious from
$ git diff 0d7934cbd122c94f05058568389dbe9ae6ad96fa
output, run
$ git reset --hard
to recover.
fatal: 'upstream' does not appear to be a git repository
fatal: Could not read from remote repository.

Please make sure you have the correct access rights
and the repository exists.
2026-04-20T00:00:07-08:00 | no new bottles
fatal: 'upstream' does not appear to be a git repository
fatal: Could not read from remote repository.

Please make sure you have the correct access rights
and the repository exists.
2026-04-20T00:30:02-08:00 | no new bottles
fatal: 'upstream' does not appear to be a git repository
fatal: Could not read from remote repository.

Please make sure you have the correct access rights
and the repository exists.
2026-04-20T01:00:03-08:00 | no new bottles
fatal: 'upstream' does not appear to be a git repository
fatal: Could not read from remote repository.

Please make sure you have the correct access rights
and the repository exists.
2026-04-20T01:30:02-08:00 | no new bottles
fatal: 'upstream' does not appear to be a git repository
fatal: Could not read from remote repository.

Please make sure you have the correct access rights
and the repository exists.
2026-04-20T02:00:01-08:00 | no new bottles
fatal: 'upstream' does not appear to be a git repository
fatal: Could not read from remote repository.

Please make sure you have the correct access rights
and the repository exists.
2026-04-20T02:30:02-08:00 | no new bottles
fatal: 'upstream' does not appear to be a git repository
fatal: Could not read from remote repository.

Please make sure you have the correct access rights
and the repository exists.
2026-04-20T03:00:03-08:00 | no new bottles
fatal: 'upstream' does not appear to be a git repository
fatal: Could not read from remote repository.

Please make sure you have the correct access rights
and the repository exists.
2026-04-20T03:30:02-08:00 | no new bottles
fatal: 'upstream' does not appear to be a git repository
fatal: Could not read from remote repository.

Please make sure you have the correct access rights
and the repository exists.
2026-04-20T04:00:02-08:00 | no new bottles
fatal: 'upstream' does not appear to be a git repository
fatal: Could not read from remote repository.

Please make sure you have the correct access rights
and the repository exists.
2026-04-20T04:30:02-08:00 | no new bottles
fatal: 'upstream' does not appear to be a git repository
fatal: Could not read from remote repository.

Please make sure you have the correct access rights
and the repository exists.
2026-04-20T05:00:02-08:00 | no new bottles
fatal: 'upstream' does not appear to be a git repository
fatal: Could not read from remote repository.

Please make sure you have the correct access rights
and the repository exists.
2026-04-20T05:30:02-08:00 | no new bottles
fatal: 'upstream' does not appear to be a git repository
fatal: Could not read from remote repository.

Please make sure you have the correct access rights
and the repository exists.
2026-04-20T06:00:03-08:00 | no new bottles
fatal: 'upstream' does not appear to be a git repository
fatal: Could not read from remote repository.

Please make sure you have the correct access rights
and the repository exists.
2026-04-20T06:30:01-08:00 | no new bottles
fatal: 'upstream' does not appear to be a git repository
fatal: Could not read from remote repository.

Please make sure you have the correct access rights
and the repository exists.
2026-04-20T07:00:07-08:00 | no new bottles
fatal: 'upstream' does not appear to be a git repository
fatal: Could not read from remote repository.

Please make sure you have the correct access rights
and the repository exists.
2026-04-20T07:30:07-08:00 | no new bottles
fatal: 'upstream' does not appear to be a git repository
fatal: Could not read from remote repository.

Please make sure you have the correct access rights
and the repository exists.
2026-04-20T08:00:07-08:00 | no new bottles
fatal: 'upstream' does not appear to be a git repository
fatal: Could not read from remote repository.

Please make sure you have the correct access rights
and the repository exists.
2026-04-20T08:30:02-08:00 | no new bottles
fatal: 'upstream' does not appear to be a git repository
fatal: Could not read from remote repository.

Please make sure you have the correct access rights
and the repository exists.
2026-04-20T09:00:02-08:00 | no new bottles
fatal: 'upstream' does not appear to be a git repository
fatal: Could not read from remote repository.

Please make sure you have the correct access rights
and the repository exists.
2026-04-20T09:30:01-08:00 | no new bottles
fatal: 'upstream' does not appear to be a git repository
fatal: Could not read from remote repository.

Please make sure you have the correct access rights
and the repository exists.
2026-04-20T10:00:02-08:00 | no new bottles
fatal: 'upstream' does not appear to be a git repository
fatal: Could not read from remote repository.

Please make sure you have the correct access rights
and the repository exists.
2026-04-20T10:30:07-08:00 | no new bottles
fatal: 'upstream' does not appear to be a git repository
fatal: Could not read from remote repository.

Please make sure you have the correct access rights
and the repository exists.
2026-04-20T11:00:03-08:00 | no new bottles
fatal: 'upstream' does not appear to be a git repository
fatal: Could not read from remote repository.

Please make sure you have the correct access rights
and the repository exists.
2026-04-20T11:30:02-08:00 | no new bottles
fatal: 'upstream' does not appear to be a git repository
fatal: Could not read from remote repository.

Please make sure you have the correct access rights
and the repository exists.
2026-04-20T12:00:01-08:00 | no new bottles
fatal: 'upstream' does not appear to be a git repository
fatal: Could not read from remote repository.

Please make sure you have the correct access rights
and the repository exists.
2026-04-20T12:30:01-08:00 | no new bottles
fatal: 'upstream' does not appear to be a git repository
fatal: Could not read from remote repository.

Please make sure you have the correct access rights
and the repository exists.
2026-04-20T13:00:02-08:00 | no new bottles
fatal: 'upstream' does not appear to be a git repository
fatal: Could not read from remote repository.

Please make sure you have the correct access rights
and the repository exists.
2026-04-20T13:30:02-08:00 | no new bottles
fatal: 'upstream' does not appear to be a git repository
fatal: Could not read from remote repository.

Please make sure you have the correct access rights
and the repository exists.
2026-04-20T14:00:01-08:00 | no new bottles
fatal: 'upstream' does not appear to be a git repository
fatal: Could not read from remote repository.

Please make sure you have the correct access rights
and the repository exists.
2026-04-20T14:30:02-08:00 | no new bottles
fatal: 'upstream' does not appear to be a git repository
fatal: Could not read from remote repository.

Please make sure you have the correct access rights
and the repository exists.
2026-04-20T15:00:03-08:00 | no new bottles
fatal: 'upstream' does not appear to be a git repository
fatal: Could not read from remote repository.

Please make sure you have the correct access rights
and the repository exists.
2026-04-20T15:30:17-08:00 | no new bottles
fatal: unable to access 'https://github.com/SuperInstance/oracle1-vessel.git/': Could not resolve host: github.com
fatal: 'upstream' does not appear to be a git repository
fatal: Could not read from remote repository.

Please make sure you have the correct access rights
and the repository exists.
2026-04-20T16:00:11-08:00 | no new bottles
fatal: 'upstream' does not appear to be a git repository
fatal: Could not read from remote repository.

Please make sure you have the correct access rights
and the repository exists.
2026-04-20T16:30:07-08:00 | no new bottles
fatal: 'upstream' does not appear to be a git repository
fatal: Could not read from remote repository.

Please make sure you have the correct access rights
and the repository exists.
2026-04-20T17:00:07-08:00 | no new bottles
fatal: 'upstream' does not appear to be a git repository
fatal: Could not read from remote repository.

Please make sure you have the correct access rights
and the repository exists.
2026-04-20T17:30:02-08:00 | no new bottles
fatal: 'upstream' does not appear to be a git repository
fatal: Could not read from remote repository.

Please make sure you have the correct access rights
and the repository exists.
2026-04-20T18:00:02-08:00 | no new bottles
fatal: 'upstream' does not appear to be a git repository
fatal: Could not read from remote repository.

Please make sure you have the correct access rights
and the repository exists.
2026-04-20T18:30:02-08:00 | no new bottles
fatal: unable to access 'https://github.com/SuperInstance/oracle1-vessel.git/': Could not resolve host: github.com
fatal: 'upstream' does not appear to be a git repository
fatal: Could not read from remote repository.

Please make sure you have the correct access rights
and the repository exists.
2026-04-20T19:00:11-08:00 | no new bottles
fatal: 'upstream' does not appear to be a git repository
fatal: Could not read from remote repository.

Please make sure you have the correct access rights
and the repository exists.
2026-04-20T19:30:08-08:00 | no new bottles
fatal: 'upstream' does not appear to be a git repository
fatal: Could not read from remote repository.

Please make sure you have the correct access rights
and the repository exists.
2026-04-20T20:00:12-08:00 | no new bottles
fatal: 'upstream' does not appear to be a git repository
fatal: Could not read from remote repository.

Please make sure you have the correct access rights
and the repository exists.
2026-04-20T20:30:04-08:00 | no new bottles
fatal: 'upstream' does not appear to be a git repository
fatal: Could not read from remote repository.

Please make sure you have the correct access rights
and the repository exists.
2026-04-20T21:00:07-08:00 | no new bottles
fatal: 'upstream' does not appear to be a git repository
fatal: Could not read from remote repository.

Please make sure you have the correct access rights
and the repository exists.
2026-04-20T21:30:07-08:00 | no new bottles
fatal: 'upstream' does not appear to be a git repository
fatal: Could not read from remote repository.

Please make sure you have the correct access rights
and the repository exists.
2026-04-20T22:00:11-08:00 | no new bottles
fatal: 'upstream' does not appear to be a git repository
fatal: Could not read from remote repository.

Please make sure you have the correct access rights
and the repository exists.
2026-04-20T22:30:02-08:00 | no new bottles
fatal: 'upstream' does not appear to be a git repository
fatal: Could not read from remote repository.

Please make sure you have the correct access rights
and the repository exists.
2026-04-20T23:00:03-08:00 | no new bottles
fatal: 'upstream' does not appear to be a git repository
fatal: Could not read from remote repository.

Please make sure you have the correct access rights
and the repository exists.
2026-04-20T23:30:07-08:00 | no new bottles
fatal: unable to access 'https://github.com/SuperInstance/oracle1-vessel.git/': Could not resolve host: github.com
fatal: 'upstream' does not appear to be a git repository
fatal: Could not read from remote repository.

Please make sure you have the correct access rights
and the repository exists.
2026-04-21T00:00:11-08:00 | no new bottles
fatal: 'upstream' does not appear to be a git repository
fatal: Could not read from remote repository.

Please make sure you have the correct access rights
and the repository exists.
2026-04-21T00:30:07-08:00 | no new bottles
fatal: 'upstream' does not appear to be a git repository
fatal: Could not read from remote repository.

Please make sure you have the correct access rights
and the repository exists.
2026-04-21T01:00:01-08:00 | no new bottles
fatal: 'upstream' does not appear to be a git repository
fatal: Could not read from remote repository.

Please make sure you have the correct access rights
and the repository exists.
2026-04-21T01:30:02-08:00 | no new bottles
fatal: 'upstream' does not appear to be a git repository
fatal: Could not read from remote repository.

Please make sure you have the correct access rights
and the repository exists.
2026-04-21T02:00:02-08:00 | no new bottles
fatal: 'upstream' does not appear to be a git repository
fatal: Could not read from remote repository.

Please make sure you have the correct access rights
and the repository exists.
2026-04-21T02:30:02-08:00 | no new bottles
fatal: 'upstream' does not appear to be a git repository
fatal: Could not read from remote repository.

Please make sure you have the correct access rights
and the repository exists.
2026-04-21T03:00:07-08:00 | no new bottles
fatal: 'upstream' does not appear to be a git repository
fatal: Could not read from remote repository.

Please make sure you have the correct access rights
and the repository exists.
2026-04-21T03:30:05-08:00 | no new bottles
fatal: 'upstream' does not appear to be a git repository
fatal: Could not read from remote repository.

Please make sure you have the correct access rights
and the repository exists.
2026-04-21T04:00:06-08:00 | no new bottles
fatal: 'upstream' does not appear to be a git repository
fatal: Could not read from remote repository.

Please make sure you have the correct access rights
and the repository exists.
2026-04-21T04:30:02-08:00 | no new bottles
fatal: 'upstream' does not appear to be a git repository
fatal: Could not read from remote repository.

Please make sure you have the correct access rights
and the repository exists.
2026-04-21T05:00:02-08:00 | no new bottles
fatal: 'upstream' does not appear to be a git repository
fatal: Could not read from remote repository.

Please make sure you have the correct access rights
and the repository exists.
2026-04-21T05:30:02-08:00 | no new bottles
fatal: 'upstream' does not appear to be a git repository
fatal: Could not read from remote repository.

Please make sure you have the correct access rights
and the repository exists.
2026-04-21T06:00:07-08:00 | no new bottles
fatal: 'upstream' does not appear to be a git repository
fatal: Could not read from remote repository.

Please make sure you have the correct access rights
and the repository exists.
2026-04-21T06:30:02-08:00 | no new bottles
fatal: 'upstream' does not appear to be a git repository
fatal: Could not read from remote repository.

Please make sure you have the correct access rights
and the repository exists.
2026-04-21T07:00:06-08:00 | no new bottles
fatal: 'upstream' does not appear to be a git repository
fatal: Could not read from remote repository.

Please make sure you have the correct access rights
and the repository exists.
2026-04-21T07:30:02-08:00 | no new bottles
fatal: 'upstream' does not appear to be a git repository
fatal: Could not read from remote repository.

Please make sure you have the correct access rights
and the repository exists.
2026-04-21T08:00:02-08:00 | no new bottles
fatal: 'upstream' does not appear to be a git repository
fatal: Could not read from remote repository.

Please make sure you have the correct access rights
and the repository exists.
2026-04-21T08:30:07-08:00 | no new bottles
fatal: 'upstream' does not appear to be a git repository
fatal: Could not read from remote repository.

Please make sure you have the correct access rights
and the repository exists.
2026-04-21T09:00:07-08:00 | no new bottles
fatal: 'upstream' does not appear to be a git repository
fatal: Could not read from remote repository.

Please make sure you have the correct access rights
and the repository exists.
2026-04-21T09:30:11-08:00 | no new bottles
fatal: 'upstream' does not appear to be a git repository
fatal: Could not read from remote repository.

Please make sure you have the correct access rights
and the repository exists.
2026-04-21T10:00:02-08:00 | no new bottles
fatal: 'upstream' does not appear to be a git repository
fatal: Could not read from remote repository.

Please make sure you have the correct access rights
and the repository exists.
2026-04-21T10:30:02-08:00 | no new bottles
fatal: 'upstream' does not appear to be a git repository
fatal: Could not read from remote repository.

Please make sure you have the correct access rights
and the repository exists.
2026-04-21T11:00:02-08:00 | no new bottles
fatal: 'upstream' does not appear to be a git repository
fatal: Could not read from remote repository.

Please make sure you have the correct access rights
and the repository exists.
2026-04-21T11:30:07-08:00 | no new bottles
fatal: 'upstream' does not appear to be a git repository
fatal: Could not read from remote repository.

Please make sure you have the correct access rights
and the repository exists.
2026-04-21T12:00:03-08:00 | no new bottles
fatal: 'upstream' does not appear to be a git repository
fatal: Could not read from remote repository.

Please make sure you have the correct access rights
and the repository exists.
2026-04-21T12:30:02-08:00 | no new bottles
fatal: 'upstream' does not appear to be a git repository
fatal: Could not read from remote repository.

Please make sure you have the correct access rights
and the repository exists.
2026-04-21T13:00:07-08:00 | no new bottles
fatal: 'upstream' does not appear to be a git repository
fatal: Could not read from remote repository.

Please make sure you have the correct access rights
and the repository exists.
2026-04-21T13:30:02-08:00 | no new bottles
fatal: 'upstream' does not appear to be a git repository
fatal: Could not read from remote repository.

Please make sure you have the correct access rights
and the repository exists.
2026-04-21T14:00:07-08:00 | no new bottles
fatal: 'upstream' does not appear to be a git repository
fatal: Could not read from remote repository.

Please make sure you have the correct access rights
and the repository exists.
2026-04-21T14:30:02-08:00 | no new bottles
fatal: 'upstream' does not appear to be a git repository
fatal: Could not read from remote repository.

Please make sure you have the correct access rights
and the repository exists.
2026-04-21T15:00:03-08:00 | no new bottles
fatal: 'upstream' does not appear to be a git repository
fatal: Could not read from remote repository.

Please make sure you have the correct access rights
and the repository exists.
2026-04-21T15:30:02-08:00 | no new bottles
fatal: 'upstream' does not appear to be a git repository
fatal: Could not read from remote repository.

Please make sure you have the correct access rights
and the repository exists.
2026-04-21T16:00:07-08:00 | no new bottles
fatal: 'upstream' does not appear to be a git repository
fatal: Could not read from remote repository.

Please make sure you have the correct access rights
and the repository exists.
2026-04-21T16:30:03-08:00 | no new bottles
fatal: 'upstream' does not appear to be a git repository
fatal: Could not read from remote repository.

Please make sure you have the correct access rights
and the repository exists.
2026-04-21T17:00:07-08:00 | no new bottles
fatal: 'upstream' does not appear to be a git repository
fatal: Could not read from remote repository.

Please make sure you have the correct access rights
and the repository exists.
2026-04-21T17:30:07-08:00 | no new bottles
fatal: 'upstream' does not appear to be a git repository
fatal: Could not read from remote repository.

Please make sure you have the correct access rights
and the repository exists.
2026-04-21T18:00:12-08:00 | no new bottles
fatal: 'upstream' does not appear to be a git repository
fatal: Could not read from remote repository.

Please make sure you have the correct access rights
and the repository exists.
2026-04-21T18:30:02-08:00 | no new bottles
fatal: 'upstream' does not appear to be a git repository
fatal: Could not read from remote repository.

Please make sure you have the correct access rights
and the repository exists.
2026-04-21T19:00:07-08:00 | no new bottles
fatal: 'upstream' does not appear to be a git repository
fatal: Could not read from remote repository.

Please make sure you have the correct access rights
and the repository exists.
2026-04-21T19:30:02-08:00 | no new bottles
fatal: 'upstream' does not appear to be a git repository
fatal: Could not read from remote repository.

Please make sure you have the correct access rights
and the repository exists.
2026-04-21T20:00:12-08:00 | no new bottles
fatal: 'upstream' does not appear to be a git repository
fatal: Could not read from remote repository.

Please make sure you have the correct access rights
and the repository exists.
2026-04-21T20:30:07-08:00 | no new bottles
fatal: 'upstream' does not appear to be a git repository
fatal: Could not read from remote repository.

Please make sure you have the correct access rights
and the repository exists.
2026-04-21T21:00:07-08:00 | no new bottles
fatal: 'upstream' does not appear to be a git repository
fatal: Could not read from remote repository.

Please make sure you have the correct access rights
and the repository exists.
2026-04-21T21:30:24-08:00 | no new bottles
fatal: 'upstream' does not appear to be a git repository
fatal: Could not read from remote repository.

Please make sure you have the correct access rights
and the repository exists.
2026-04-21T22:00:07-08:00 | no new bottles
fatal: 'upstream' does not appear to be a git repository
fatal: Could not read from remote repository.

Please make sure you have the correct access rights
and the repository exists.
2026-04-21T22:30:07-08:00 | no new bottles
fatal: 'upstream' does not appear to be a git repository
fatal: Could not read from remote repository.

Please make sure you have the correct access rights
and the repository exists.
2026-04-21T23:00:02-08:00 | no new bottles
fatal: 'upstream' does not appear to be a git repository
fatal: Could not read from remote repository.

Please make sure you have the correct access rights
and the repository exists.
2026-04-21T23:30:02-08:00 | no new bottles
fatal: unable to access 'https://github.com/SuperInstance/oracle1-vessel.git/': Could not resolve host: github.com
fatal: 'upstream' does not appear to be a git repository
fatal: Could not read from remote repository.

Please make sure you have the correct access rights
and the repository exists.
2026-04-22T00:00:21-08:00 | no new bottles
fatal: 'upstream' does not appear to be a git repository
fatal: Could not read from remote repository.

Please make sure you have the correct access rights
and the repository exists.
2026-04-22T00:30:02-08:00 | no new bottles
fatal: 'upstream' does not appear to be a git repository
fatal: Could not read from remote repository.

Please make sure you have the correct access rights
and the repository exists.
2026-04-22T01:00:02-08:00 | no new bottles
fatal: 'upstream' does not appear to be a git repository
fatal: Could not read from remote repository.

Please make sure you have the correct access rights
and the repository exists.
2026-04-22T01:30:07-08:00 | no new bottles
fatal: 'upstream' does not appear to be a git repository
fatal: Could not read from remote repository.

Please make sure you have the correct access rights
and the repository exists.
2026-04-22T02:00:02-08:00 | no new bottles
fatal: 'upstream' does not appear to be a git repository
fatal: Could not read from remote repository.

Please make sure you have the correct access rights
and the repository exists.
2026-04-22T02:30:02-08:00 | no new bottles
fatal: 'upstream' does not appear to be a git repository
fatal: Could not read from remote repository.

Please make sure you have the correct access rights
and the repository exists.
2026-04-22T03:00:02-08:00 | no new bottles
fatal: 'upstream' does not appear to be a git repository
fatal: Could not read from remote repository.

Please make sure you have the correct access rights
and the repository exists.
2026-04-22T03:30:02-08:00 | no new bottles
fatal: 'upstream' does not appear to be a git repository
fatal: Could not read from remote repository.

Please make sure you have the correct access rights
and the repository exists.
2026-04-22T04:00:02-08:00 | no new bottles
fatal: 'upstream' does not appear to be a git repository
fatal: Could not read from remote repository.

Please make sure you have the correct access rights
and the repository exists.
2026-04-22T04:30:02-08:00 | no new bottles
fatal: 'upstream' does not appear to be a git repository
fatal: Could not read from remote repository.

Please make sure you have the correct access rights
and the repository exists.
2026-04-22T05:00:07-08:00 | no new bottles
fatal: 'upstream' does not appear to be a git repository
fatal: Could not read from remote repository.

Please make sure you have the correct access rights
and the repository exists.
2026-04-22T05:30:02-08:00 | no new bottles
fatal: 'upstream' does not appear to be a git repository
fatal: Could not read from remote repository.

Please make sure you have the correct access rights
and the repository exists.
2026-04-22T06:00:02-08:00 | no new bottles
fatal: 'upstream' does not appear to be a git repository
fatal: Could not read from remote repository.

Please make sure you have the correct access rights
and the repository exists.
2026-04-22T06:30:02-08:00 | no new bottles
fatal: 'upstream' does not appear to be a git repository
fatal: Could not read from remote repository.

Please make sure you have the correct access rights
and the repository exists.
2026-04-22T07:00:12-08:00 | no new bottles
fatal: 'upstream' does not appear to be a git repository
fatal: Could not read from remote repository.

Please make sure you have the correct access rights
and the repository exists.
2026-04-22T07:30:02-08:00 | no new bottles
fatal: 'upstream' does not appear to be a git repository
fatal: Could not read from remote repository.

Please make sure you have the correct access rights
and the repository exists.
2026-04-22T08:00:07-08:00 | no new bottles
fatal: 'upstream' does not appear to be a git repository
fatal: Could not read from remote repository.

Please make sure you have the correct access rights
and the repository exists.
2026-04-22T08:30:02-08:00 | no new bottles
fatal: 'upstream' does not appear to be a git repository
fatal: Could not read from remote repository.

Please make sure you have the correct access rights
and the repository exists.
2026-04-22T09:00:02-08:00 | no new bottles
fatal: 'upstream' does not appear to be a git repository
fatal: Could not read from remote repository.

Please make sure you have the correct access rights
and the repository exists.
2026-04-22T09:30:02-08:00 | no new bottles
fatal: 'upstream' does not appear to be a git repository
fatal: Could not read from remote repository.

Please make sure you have the correct access rights
and the repository exists.
2026-04-22T10:00:07-08:00 | no new bottles
fatal: 'upstream' does not appear to be a git repository
fatal: Could not read from remote repository.

Please make sure you have the correct access rights
and the repository exists.
2026-04-22T10:30:02-08:00 | no new bottles
fatal: 'upstream' does not appear to be a git repository
fatal: Could not read from remote repository.

Please make sure you have the correct access rights
and the repository exists.
2026-04-22T11:00:02-08:00 | no new bottles
fatal: 'upstream' does not appear to be a git repository
fatal: Could not read from remote repository.

Please make sure you have the correct access rights
and the repository exists.
2026-04-22T11:30:02-08:00 | no new bottles
fatal: 'upstream' does not appear to be a git repository
fatal: Could not read from remote repository.

Please make sure you have the correct access rights
and the repository exists.
2026-04-22T12:00:02-08:00 | no new bottles
fatal: 'upstream' does not appear to be a git repository
fatal: Could not read from remote repository.

Please make sure you have the correct access rights
and the repository exists.
2026-04-22T12:30:02-08:00 | no new bottles
fatal: 'upstream' does not appear to be a git repository
fatal: Could not read from remote repository.

Please make sure you have the correct access rights
and the repository exists.
2026-04-22T13:00:02-08:00 | no new bottles
fatal: 'upstream' does not appear to be a git repository
fatal: Could not read from remote repository.

Please make sure you have the correct access rights
and the repository exists.
2026-04-22T13:30:02-08:00 | no new bottles
fatal: 'upstream' does not appear to be a git repository
fatal: Could not read from remote repository.

Please make sure you have the correct access rights
and the repository exists.
2026-04-22T14:00:02-08:00 | no new bottles
fatal: 'upstream' does not appear to be a git repository
fatal: Could not read from remote repository.

Please make sure you have the correct access rights
and the repository exists.
2026-04-22T14:30:02-08:00 | no new bottles
fatal: 'upstream' does not appear to be a git repository
fatal: Could not read from remote repository.

Please make sure you have the correct access rights
and the repository exists.
2026-04-22T15:00:01-08:00 | no new bottles
fatal: 'upstream' does not appear to be a git repository
fatal: Could not read from remote repository.

Please make sure you have the correct access rights
and the repository exists.
2026-04-22T15:30:07-08:00 | no new bottles
fatal: 'upstream' does not appear to be a git repository
fatal: Could not read from remote repository.

Please make sure you have the correct access rights
and the repository exists.
2026-04-22T16:00:02-08:00 | no new bottles
fatal: 'upstream' does not appear to be a git repository
fatal: Could not read from remote repository.

Please make sure you have the correct access rights
and the repository exists.
2026-04-22T16:30:02-08:00 | no new bottles
fatal: 'upstream' does not appear to be a git repository
fatal: Could not read from remote repository.

Please make sure you have the correct access rights
and the repository exists.
2026-04-22T17:00:02-08:00 | no new bottles
fatal: 'upstream' does not appear to be a git repository
fatal: Could not read from remote repository.

Please make sure you have the correct access rights
and the repository exists.
2026-04-22T17:30:02-08:00 | no new bottles
fatal: 'upstream' does not appear to be a git repository
fatal: Could not read from remote repository.

Please make sure you have the correct access rights
and the repository exists.
2026-04-22T18:00:01-08:00 | no new bottles
fatal: 'upstream' does not appear to be a git repository
fatal: Could not read from remote repository.

Please make sure you have the correct access rights
and the repository exists.
2026-04-22T18:30:02-08:00 | no new bottles
fatal: 'upstream' does not appear to be a git repository
fatal: Could not read from remote repository.

Please make sure you have the correct access rights
and the repository exists.
2026-04-22T19:00:07-08:00 | no new bottles
fatal: 'upstream' does not appear to be a git repository
fatal: Could not read from remote repository.

Please make sure you have the correct access rights
and the repository exists.
2026-04-22T19:30:08-08:00 | no new bottles
fatal: 'upstream' does not appear to be a git repository
fatal: Could not read from remote repository.

Please make sure you have the correct access rights
and the repository exists.
2026-04-22T20:00:06-08:00 | no new bottles
fatal: 'upstream' does not appear to be a git repository
fatal: Could not read from remote repository.

Please make sure you have the correct access rights
and the repository exists.
2026-04-22T20:30:01-08:00 | no new bottles
fatal: 'upstream' does not appear to be a git repository
fatal: Could not read from remote repository.

Please make sure you have the correct access rights
and the repository exists.
2026-04-22T21:00:07-08:00 | no new bottles
fatal: 'upstream' does not appear to be a git repository
fatal: Could not read from remote repository.

Please make sure you have the correct access rights
and the repository exists.
2026-04-22T21:30:01-08:00 | no new bottles
fatal: unable to access 'https://github.com/SuperInstance/oracle1-vessel.git/': Could not resolve host: github.com
fatal: 'upstream' does not appear to be a git repository
fatal: Could not read from remote repository.

Please make sure you have the correct access rights
and the repository exists.
2026-04-22T22:00:16-08:00 | no new bottles
fatal: 'upstream' does not appear to be a git repository
fatal: Could not read from remote repository.

Please make sure you have the correct access rights
and the repository exists.
2026-04-22T22:30:03-08:00 | no new bottles
fatal: 'upstream' does not appear to be a git repository
fatal: Could not read from remote repository.

Please make sure you have the correct access rights
and the repository exists.
2026-04-22T23:00:01-08:00 | no new bottles
fatal: 'upstream' does not appear to be a git repository
fatal: Could not read from remote repository.

Please make sure you have the correct access rights
and the repository exists.
2026-04-22T23:30:02-08:00 | no new bottles
fatal: 'upstream' does not appear to be a git repository
fatal: Could not read from remote repository.

Please make sure you have the correct access rights
and the repository exists.
2026-04-23T00:00:07-08:00 | no new bottles
fatal: 'upstream' does not appear to be a git repository
fatal: Could not read from remote repository.

Please make sure you have the correct access rights
and the repository exists.
2026-04-23T00:30:02-08:00 | no new bottles
fatal: 'upstream' does not appear to be a git repository
fatal: Could not read from remote repository.

Please make sure you have the correct access rights
and the repository exists.
2026-04-23T01:00:02-08:00 | no new bottles
fatal: 'upstream' does not appear to be a git repository
fatal: Could not read from remote repository.

Please make sure you have the correct access rights
and the repository exists.
2026-04-23T01:30:02-08:00 | no new bottles
fatal: 'upstream' does not appear to be a git repository
fatal: Could not read from remote repository.

Please make sure you have the correct access rights
and the repository exists.
2026-04-23T02:00:02-08:00 | no new bottles
fatal: 'upstream' does not appear to be a git repository
fatal: Could not read from remote repository.

Please make sure you have the correct access rights
and the repository exists.
2026-04-23T02:30:02-08:00 | no new bottles
fatal: 'upstream' does not appear to be a git repository
fatal: Could not read from remote repository.

Please make sure you have the correct access rights
and the repository exists.
2026-04-23T03:00:02-08:00 | no new bottles
fatal: 'upstream' does not appear to be a git repository
fatal: Could not read from remote repository.

Please make sure you have the correct access rights
and the repository exists.
2026-04-23T03:30:02-08:00 | no new bottles
fatal: 'upstream' does not appear to be a git repository
fatal: Could not read from remote repository.

Please make sure you have the correct access rights
and the repository exists.
2026-04-23T04:00:07-08:00 | no new bottles
fatal: 'upstream' does not appear to be a git repository
fatal: Could not read from remote repository.

Please make sure you have the correct access rights
and the repository exists.
2026-04-23T04:30:02-08:00 | no new bottles
fatal: 'upstream' does not appear to be a git repository
fatal: Could not read from remote repository.

Please make sure you have the correct access rights
and the repository exists.
2026-04-23T05:00:02-08:00 | no new bottles
fatal: 'upstream' does not appear to be a git repository
fatal: Could not read from remote repository.

Please make sure you have the correct access rights
and the repository exists.
2026-04-23T05:30:02-08:00 | no new bottles
fatal: 'upstream' does not appear to be a git repository
fatal: Could not read from remote repository.

Please make sure you have the correct access rights
and the repository exists.
2026-04-23T06:00:07-08:00 | no new bottles
fatal: 'upstream' does not appear to be a git repository
fatal: Could not read from remote repository.

Please make sure you have the correct access rights
and the repository exists.
2026-04-23T06:30:02-08:00 | no new bottles
fatal: 'upstream' does not appear to be a git repository
fatal: Could not read from remote repository.

Please make sure you have the correct access rights
and the repository exists.
2026-04-23T07:00:07-08:00 | no new bottles
fatal: 'upstream' does not appear to be a git repository
fatal: Could not read from remote repository.

Please make sure you have the correct access rights
and the repository exists.
2026-04-23T07:30:02-08:00 | no new bottles
fatal: 'upstream' does not appear to be a git repository
fatal: Could not read from remote repository.

Please make sure you have the correct access rights
and the repository exists.
2026-04-23T08:00:01-08:00 | no new bottles
fatal: 'upstream' does not appear to be a git repository
fatal: Could not read from remote repository.

Please make sure you have the correct access rights
and the repository exists.
2026-04-23T08:30:07-08:00 | no new bottles
fatal: 'upstream' does not appear to be a git repository
fatal: Could not read from remote repository.

Please make sure you have the correct access rights
and the repository exists.
2026-04-23T09:00:07-08:00 | no new bottles
fatal: 'upstream' does not appear to be a git repository
fatal: Could not read from remote repository.

Please make sure you have the correct access rights
and the repository exists.
2026-04-23T09:30:02-08:00 | no new bottles
fatal: 'upstream' does not appear to be a git repository
fatal: Could not read from remote repository.

Please make sure you have the correct access rights
and the repository exists.
2026-04-23T10:00:02-08:00 | no new bottles
fatal: 'upstream' does not appear to be a git repository
fatal: Could not read from remote repository.

Please make sure you have the correct access rights
and the repository exists.
2026-04-23T10:30:02-08:00 | no new bottles
fatal: 'upstream' does not appear to be a git repository
fatal: Could not read from remote repository.

Please make sure you have the correct access rights
and the repository exists.
2026-04-23T11:00:02-08:00 | no new bottles
fatal: 'upstream' does not appear to be a git repository
fatal: Could not read from remote repository.

Please make sure you have the correct access rights
and the repository exists.
2026-04-23T11:30:01-08:00 | no new bottles
fatal: 'upstream' does not appear to be a git repository
fatal: Could not read from remote repository.

Please make sure you have the correct access rights
and the repository exists.
2026-04-23T12:00:02-08:00 | no new bottles
fatal: 'upstream' does not appear to be a git repository
fatal: Could not read from remote repository.

Please make sure you have the correct access rights
and the repository exists.
2026-04-23T12:30:02-08:00 | no new bottles
fatal: 'upstream' does not appear to be a git repository
fatal: Could not read from remote repository.

Please make sure you have the correct access rights
and the repository exists.
2026-04-23T13:00:02-08:00 | no new bottles
fatal: 'upstream' does not appear to be a git repository
fatal: Could not read from remote repository.

Please make sure you have the correct access rights
and the repository exists.
2026-04-23T13:30:02-08:00 | no new bottles
fatal: 'upstream' does not appear to be a git repository
fatal: Could not read from remote repository.

Please make sure you have the correct access rights
and the repository exists.
2026-04-23T14:00:02-08:00 | no new bottles
fatal: 'upstream' does not appear to be a git repository
fatal: Could not read from remote repository.

Please make sure you have the correct access rights
and the repository exists.
2026-04-23T14:30:02-08:00 | no new bottles
fatal: 'upstream' does not appear to be a git repository
fatal: Could not read from remote repository.

Please make sure you have the correct access rights
and the repository exists.
2026-04-23T15:00:12-08:00 | no new bottles
fatal: 'upstream' does not appear to be a git repository
fatal: Could not read from remote repository.

Please make sure you have the correct access rights
and the repository exists.
2026-04-23T15:30:02-08:00 | no new bottles
fatal: 'upstream' does not appear to be a git repository
fatal: Could not read from remote repository.

Please make sure you have the correct access rights
and the repository exists.
2026-04-23T16:00:02-08:00 | no new bottles
fatal: 'upstream' does not appear to be a git repository
fatal: Could not read from remote repository.

Please make sure you have the correct access rights
and the repository exists.
2026-04-23T16:30:03-08:00 | no new bottles
fatal: 'upstream' does not appear to be a git repository
fatal: Could not read from remote repository.

Please make sure you have the correct access rights
and the repository exists.
2026-04-23T17:00:02-08:00 | no new bottles
fatal: 'upstream' does not appear to be a git repository
fatal: Could not read from remote repository.

Please make sure you have the correct access rights
and the repository exists.
2026-04-23T17:30:03-08:00 | no new bottles
fatal: 'upstream' does not appear to be a git repository
fatal: Could not read from remote repository.

Please make sure you have the correct access rights
and the repository exists.
2026-04-23T18:00:07-08:00 | no new bottles
fatal: 'upstream' does not appear to be a git repository
fatal: Could not read from remote repository.

Please make sure you have the correct access rights
and the repository exists.
2026-04-23T18:30:01-08:00 | no new bottles
fatal: 'upstream' does not appear to be a git repository
fatal: Could not read from remote repository.

Please make sure you have the correct access rights
and the repository exists.
2026-04-23T19:00:02-08:00 | no new bottles
fatal: 'upstream' does not appear to be a git repository
fatal: Could not read from remote repository.

Please make sure you have the correct access rights
and the repository exists.
2026-04-23T19:30:07-08:00 | no new bottles
fatal: 'upstream' does not appear to be a git repository
fatal: Could not read from remote repository.

Please make sure you have the correct access rights
and the repository exists.
2026-04-23T20:00:22-08:00 | no new bottles
fatal: 'upstream' does not appear to be a git repository
fatal: Could not read from remote repository.

Please make sure you have the correct access rights
and the repository exists.
2026-04-23T20:30:12-08:00 | no new bottles
fatal: 'upstream' does not appear to be a git repository
fatal: Could not read from remote repository.

Please make sure you have the correct access rights
and the repository exists.
2026-04-23T21:00:12-08:00 | no new bottles
fatal: 'upstream' does not appear to be a git repository
fatal: Could not read from remote repository.

Please make sure you have the correct access rights
and the repository exists.
2026-04-23T21:30:02-08:00 | no new bottles
fatal: 'upstream' does not appear to be a git repository
fatal: Could not read from remote repository.

Please make sure you have the correct access rights
and the repository exists.
2026-04-23T22:00:02-08:00 | no new bottles
fatal: 'upstream' does not appear to be a git repository
fatal: Could not read from remote repository.

Please make sure you have the correct access rights
and the repository exists.
2026-04-23T22:30:06-08:00 | no new bottles
fatal: 'upstream' does not appear to be a git repository
fatal: Could not read from remote repository.

Please make sure you have the correct access rights
and the repository exists.
2026-04-23T23:00:02-08:00 | no new bottles
fatal: 'upstream' does not appear to be a git repository
fatal: Could not read from remote repository.

Please make sure you have the correct access rights
and the repository exists.
2026-04-23T23:30:02-08:00 | no new bottles
fatal: unable to access 'https://github.com/SuperInstance/oracle1-vessel.git/': Could not resolve host: github.com
fatal: 'upstream' does not appear to be a git repository
fatal: Could not read from remote repository.

Please make sure you have the correct access rights
and the repository exists.
2026-04-24T00:00:17-08:00 | no new bottles
fatal: 'upstream' does not appear to be a git repository
fatal: Could not read from remote repository.

Please make sure you have the correct access rights
and the repository exists.
2026-04-24T00:30:01-08:00 | no new bottles
fatal: 'upstream' does not appear to be a git repository
fatal: Could not read from remote repository.

Please make sure you have the correct access rights
and the repository exists.
2026-04-24T01:00:03-08:00 | no new bottles
fatal: 'upstream' does not appear to be a git repository
fatal: Could not read from remote repository.

Please make sure you have the correct access rights
and the repository exists.
2026-04-24T01:30:02-08:00 | no new bottles
fatal: 'upstream' does not appear to be a git repository
fatal: Could not read from remote repository.

Please make sure you have the correct access rights
and the repository exists.
2026-04-24T02:00:02-08:00 | no new bottles
fatal: 'upstream' does not appear to be a git repository
fatal: Could not read from remote repository.

Please make sure you have the correct access rights
and the repository exists.
2026-04-24T02:30:02-08:00 | no new bottles
fatal: 'upstream' does not appear to be a git repository
fatal: Could not read from remote repository.

Please make sure you have the correct access rights
and the repository exists.
2026-04-24T03:00:02-08:00 | no new bottles
fatal: 'upstream' does not appear to be a git repository
fatal: Could not read from remote repository.

Please make sure you have the correct access rights
and the repository exists.
2026-04-24T03:30:02-08:00 | no new bottles
fatal: 'upstream' does not appear to be a git repository
fatal: Could not read from remote repository.

Please make sure you have the correct access rights
and the repository exists.
2026-04-24T04:00:02-08:00 | no new bottles
fatal: 'upstream' does not appear to be a git repository
fatal: Could not read from remote repository.

Please make sure you have the correct access rights
and the repository exists.
2026-04-24T04:30:02-08:00 | no new bottles
fatal: 'upstream' does not appear to be a git repository
fatal: Could not read from remote repository.

Please make sure you have the correct access rights
and the repository exists.
2026-04-24T05:00:02-08:00 | no new bottles
fatal: 'upstream' does not appear to be a git repository
fatal: Could not read from remote repository.

Please make sure you have the correct access rights
and the repository exists.
2026-04-24T05:30:02-08:00 | no new bottles
fatal: 'upstream' does not appear to be a git repository
fatal: Could not read from remote repository.

Please make sure you have the correct access rights
and the repository exists.
2026-04-24T06:00:03-08:00 | no new bottles
fatal: 'upstream' does not appear to be a git repository
fatal: Could not read from remote repository.

Please make sure you have the correct access rights
and the repository exists.
2026-04-24T06:30:02-08:00 | no new bottles
fatal: 'upstream' does not appear to be a git repository
fatal: Could not read from remote repository.

Please make sure you have the correct access rights
and the repository exists.
2026-04-24T07:00:02-08:00 | no new bottles
fatal: 'upstream' does not appear to be a git repository
fatal: Could not read from remote repository.

Please make sure you have the correct access rights
and the repository exists.
2026-04-24T07:30:03-08:00 | no new bottles
fatal: 'upstream' does not appear to be a git repository
fatal: Could not read from remote repository.

Please make sure you have the correct access rights
and the repository exists.
2026-04-24T08:00:07-08:00 | no new bottles
fatal: 'upstream' does not appear to be a git repository
fatal: Could not read from remote repository.

Please make sure you have the correct access rights
and the repository exists.
2026-04-24T08:30:02-08:00 | no new bottles
fatal: 'upstream' does not appear to be a git repository
fatal: Could not read from remote repository.

Please make sure you have the correct access rights
and the repository exists.
2026-04-24T09:00:02-08:00 | no new bottles
fatal: 'upstream' does not appear to be a git repository
fatal: Could not read from remote repository.

Please make sure you have the correct access rights
and the repository exists.
2026-04-24T09:30:01-08:00 | no new bottles
fatal: 'upstream' does not appear to be a git repository
fatal: Could not read from remote repository.

Please make sure you have the correct access rights
and the repository exists.
2026-04-24T10:00:03-08:00 | no new bottles
/bin/sh: 1: /home/lucineer/.openclaw/workspace/bottles/check-bottles.sh: not found
/bin/sh: 1: /home/lucineer/.openclaw/workspace/bottles/check-bottles.sh: not found
/bin/sh: 1: /home/lucineer/.openclaw/workspace/bottles/check-bottles.sh: not found
/bin/sh: 1: /home/lucineer/.openclaw/workspace/bottles/check-bottles.sh: not found
/bin/sh: 1: /home/lucineer/.openclaw/workspace/bottles/check-bottles.sh: not found
/bin/sh: 1: /home/lucineer/.openclaw/workspace/bottles/check-bottles.sh: not found
/bin/sh: 1: /home/lucineer/.openclaw/workspace/bottles/check-bottles.sh: not found
/bin/sh: 1: /home/lucineer/.openclaw/workspace/bottles/check-bottles.sh: not found
/bin/sh: 1: /home/lucineer/.openclaw/workspace/bottles/check-bottles.sh: not found
/bin/sh: 1: /home/lucineer/.openclaw/workspace/bottles/check-bottles.sh: not found
/bin/sh: 1: /home/lucineer/.openclaw/workspace/bottles/check-bottles.sh: not found
/bin/sh: 1: /home/lucineer/.openclaw/workspace/bottles/check-bottles.sh: not found
/bin/sh: 1: /home/lucineer/.openclaw/workspace/bottles/check-bottles.sh: not found
/bin/sh: 1: /home/lucineer/.openclaw/workspace/bottles/check-bottles.sh: not found
/bin/sh: 1: /home/lucineer/.openclaw/workspace/bottles/check-bottles.sh: not found
/bin/sh: 1: /home/lucineer/.openclaw/workspace/bottles/check-bottles.sh: not found
/bin/sh: 1: /home/lucineer/.openclaw/workspace/bottles/check-bottles.sh: not found
/bin/sh: 1: /home/lucineer/.openclaw/workspace/bottles/check-bottles.sh: not found
/bin/sh: 1: /home/lucineer/.openclaw/workspace/bottles/check-bottles.sh: not found
/bin/sh: 1: /home/lucineer/.openclaw/workspace/bottles/check-bottles.sh: not found
/bin/sh: 1: /home/lucineer/.openclaw/workspace/bottles/check-bottles.sh: not found
/bin/sh: 1: /home/lucineer/.openclaw/workspace/bottles/check-bottles.sh: not found
/bin/sh: 1: /home/lucineer/.openclaw/workspace/bottles/check-bottles.sh: not found
/bin/sh: 1: /home/lucineer/.openclaw/workspace/bottles/check-bottles.sh: not found
/bin/sh: 1: /home/lucineer/.openclaw/workspace/bottles/check-bottles.sh: not found
/bin/sh: 1: /home/lucineer/.openclaw/workspace/bottles/check-bottles.sh: not found
/bin/sh: 1: /home/lucineer/.openclaw/workspace/bottles/check-bottles.sh: not found
/bin/sh: 1: /home/lucineer/.openclaw/workspace/bottles/check-bottles.sh: not found
/bin/sh: 1: /home/lucineer/.openclaw/workspace/bottles/check-bottles.sh: not found
/bin/sh: 1: /home/lucineer/.openclaw/workspace/bottles/check-bottles.sh: not found
/bin/sh: 1: /home/lucineer/.openclaw/workspace/bottles/check-bottles.sh: not found
/bin/sh: 1: /home/lucineer/.openclaw/workspace/bottles/check-bottles.sh: not found
/bin/sh: 1: /home/lucineer/.openclaw/workspace/bottles/check-bottles.sh: not found
/bin/sh: 1: /home/lucineer/.openclaw/workspace/bottles/check-bottles.sh: not found
/bin/sh: 1: /home/lucineer/.openclaw/workspace/bottles/check-bottles.sh: not found
/bin/sh: 1: /home/lucineer/.openclaw/workspace/bottles/check-bottles.sh: not found
/bin/sh: 1: /home/lucineer/.openclaw/workspace/bottles/check-bottles.sh: not found
/bin/sh: 1: /home/lucineer/.openclaw/workspace/bottles/check-bottles.sh: not found
/bin/sh: 1: /home/lucineer/.openclaw/workspace/bottles/check-bottles.sh: not found
/bin/sh: 1: /home/lucineer/.openclaw/workspace/bottles/check-bottles.sh: not found
/bin/sh: 1: /home/lucineer/.openclaw/workspace/bottles/check-bottles.sh: not found
/bin/sh: 1: /home/lucineer/.openclaw/workspace/bottles/check-bottles.sh: not found
/bin/sh: 1: /home/lucineer/.openclaw/workspace/bottles/check-bottles.sh: not found
/bin/sh: 1: /home/lucineer/.openclaw/workspace/bottles/check-bottles.sh: not found
/bin/sh: 1: /home/lucineer/.openclaw/workspace/bottles/check-bottles.sh: not found
/bin/sh: 1: /home/lucineer/.openclaw/workspace/bottles/check-bottles.sh: not found
/bin/sh: 1: /home/lucineer/.openclaw/workspace/bottles/check-bottles.sh: not found
/bin/sh: 1: /home/lucineer/.openclaw/workspace/bottles/check-bottles.sh: not found
/bin/sh: 1: /home/lucineer/.openclaw/workspace/bottles/check-bottles.sh: not found
/bin/sh: 1: /home/lucineer/.openclaw/workspace/bottles/check-bottles.sh: not found
/bin/sh: 1: /home/lucineer/.openclaw/workspace/bottles/check-bottles.sh: not found
/bin/sh: 1: /home/lucineer/.openclaw/workspace/bottles/check-bottles.sh: not found
/bin/sh: 1: /home/lucineer/.openclaw/workspace/bottles/check-bottles.sh: not found
/bin/sh: 1: /home/lucineer/.openclaw/workspace/bottles/check-bottles.sh: not found
/bin/sh: 1: /home/lucineer/.openclaw/workspace/bottles/check-bottles.sh: not found
/bin/sh: 1: /home/lucineer/.openclaw/workspace/bottles/check-bottles.sh: not found
/bin/sh: 1: /home/lucineer/.openclaw/workspace/bottles/check-bottles.sh: not found
/bin/sh: 1: /home/lucineer/.openclaw/workspace/bottles/check-bottles.sh: not found
/bin/sh: 1: /home/lucineer/.openclaw/workspace/bottles/check-bottles.sh: not found
/bin/sh: 1: /home/lucineer/.openclaw/workspace/bottles/check-bottles.sh: not found
/bin/sh: 1: /home/lucineer/.openclaw/workspace/bottles/check-bottles.sh: not found
/bin/sh: 1: /home/lucineer/.openclaw/workspace/bottles/check-bottles.sh: not found
/bin/sh: 1: /home/lucineer/.openclaw/workspace/bottles/check-bottles.sh: not found
/bin/sh: 1: /home/lucineer/.openclaw/workspace/bottles/check-bottles.sh: not found
/bin/sh: 1: /home/lucineer/.openclaw/workspace/bottles/check-bottles.sh: not found
/bin/sh: 1: /home/lucineer/.openclaw/workspace/bottles/check-bottles.sh: not found
/bin/sh: 1: /home/lucineer/.openclaw/workspace/bottles/check-bottles.sh: not found
/bin/sh: 1: /home/lucineer/.openclaw/workspace/bottles/check-bottles.sh: not found
/bin/sh: 1: /home/lucineer/.openclaw/workspace/bottles/check-bottles.sh: not found
/bin/sh: 1: /home/lucineer/.openclaw/workspace/bottles/check-bottles.sh: not found
/bin/sh: 1: /home/lucineer/.openclaw/workspace/bottles/check-bottles.sh: not found
/bin/sh: 1: /home/lucineer/.openclaw/workspace/bottles/check-bottles.sh: not found
/bin/sh: 1: /home/lucineer/.openclaw/workspace/bottles/check-bottles.sh: not found
/bin/sh: 1: /home/lucineer/.openclaw/workspace/bottles/check-bottles.sh: not found
/bin/sh: 1: /home/lucineer/.openclaw/workspace/bottles/check-bottles.sh: not found
/bin/sh: 1: /home/lucineer/.openclaw/workspace/bottles/check-bottles.sh: not found
/bin/sh: 1: /home/lucineer/.openclaw/workspace/bottles/check-bottles.sh: not found
/bin/sh: 1: /home/lucineer/.openclaw/workspace/bottles/check-bottles.sh: not found
/bin/sh: 1: /home/lucineer/.openclaw/workspace/bottles/check-bottles.sh: not found
/bin/sh: 1: /home/lucineer/.openclaw/workspace/bottles/check-bottles.sh: not found
/bin/sh: 1: /home/lucineer/.openclaw/workspace/bottles/check-bottles.sh: not found
/bin/sh: 1: /home/lucineer/.openclaw/workspace/bottles/check-bottles.sh: not found
/bin/sh: 1: /home/lucineer/.openclaw/workspace/bottles/check-bottles.sh: not found
/bin/sh: 1: /home/lucineer/.openclaw/workspace/bottles/check-bottles.sh: not found
/bin/sh: 1: /home/lucineer/.openclaw/workspace/bottles/check-bottles.sh: not found
/bin/sh: 1: /home/lucineer/.openclaw/workspace/bottles/check-bottles.sh: not found
/bin/sh: 1: /home/lucineer/.openclaw/workspace/bottles/check-bottles.sh: not found
/bin/sh: 1: /home/lucineer/.openclaw/workspace/bottles/check-bottles.sh: not found
/bin/sh: 1: /home/lucineer/.openclaw/workspace/bottles/check-bottles.sh: not found
/bin/sh: 1: /home/lucineer/.openclaw/workspace/bottles/check-bottles.sh: not found
/bin/sh: 1: /home/lucineer/.openclaw/workspace/bottles/check-bottles.sh: not found
/bin/sh: 1: /home/lucineer/.openclaw/workspace/bottles/check-bottles.sh: not found
/bin/sh: 1: /home/lucineer/.openclaw/workspace/bottles/check-bottles.sh: not found
/bin/sh: 1: /home/lucineer/.openclaw/workspace/bottles/check-bottles.sh: not found
/bin/sh: 1: /home/lucineer/.openclaw/workspace/bottles/check-bottles.sh: not found
/bin/sh: 1: /home/lucineer/.openclaw/workspace/bottles/check-bottles.sh: not found
/bin/sh: 1: /home/lucineer/.openclaw/workspace/bottles/check-bottles.sh: not found
/bin/sh: 1: /home/lucineer/.openclaw/workspace/bottles/check-bottles.sh: not found
/bin/sh: 1: /home/lucineer/.openclaw/workspace/bottles/check-bottles.sh: not found
/bin/sh: 1: /home/lucineer/.openclaw/workspace/bottles/check-bottles.sh: not found
/bin/sh: 1: /home/lucineer/.openclaw/workspace/bottles/check-bottles.sh: not found
/bin/sh: 1: /home/lucineer/.openclaw/workspace/bottles/check-bottles.sh: not found
/bin/sh: 1: /home/lucineer/.openclaw/workspace/bottles/check-bottles.sh: not found
/bin/sh: 1: /home/lucineer/.openclaw/workspace/bottles/check-bottles.sh: not found
/bin/sh: 1: /home/lucineer/.openclaw/workspace/bottles/check-bottles.sh: not found
/bin/sh: 1: /home/lucineer/.openclaw/workspace/bottles/check-bottles.sh: not found
/bin/sh: 1: /home/lucineer/.openclaw/workspace/bottles/check-bottles.sh: not found
/bin/sh: 1: /home/lucineer/.openclaw/workspace/bottles/check-bottles.sh: not found
/bin/sh: 1: /home/lucineer/.openclaw/workspace/bottles/check-bottles.sh: not found
/bin/sh: 1: /home/lucineer/.openclaw/workspace/bottles/check-bottles.sh: not found
/bin/sh: 1: /home/lucineer/.openclaw/workspace/bottles/check-bottles.sh: not found
/bin/sh: 1: /home/lucineer/.openclaw/workspace/bottles/check-bottles.sh: not found
/bin/sh: 1: /home/lucineer/.openclaw/workspace/bottles/check-bottles.sh: not found
/bin/sh: 1: /home/lucineer/.openclaw/workspace/bottles/check-bottles.sh: not found
/bin/sh: 1: /home/lucineer/.openclaw/workspace/bottles/check-bottles.sh: not found
/bin/sh: 1: /home/lucineer/.openclaw/workspace/bottles/check-bottles.sh: not found
/bin/sh: 1: /home/lucineer/.openclaw/workspace/bottles/check-bottles.sh: not found
/bin/sh: 1: /home/lucineer/.openclaw/workspace/bottles/check-bottles.sh: not found
/bin/sh: 1: /home/lucineer/.openclaw/workspace/bottles/check-bottles.sh: not found
/bin/sh: 1: /home/lucineer/.openclaw/workspace/bottles/check-bottles.sh: not found
/bin/sh: 1: /home/lucineer/.openclaw/workspace/bottles/check-bottles.sh: not found
/bin/sh: 1: /home/lucineer/.openclaw/workspace/bottles/check-bottles.sh: not found
/bin/sh: 1: /home/lucineer/.openclaw/workspace/bottles/check-bottles.sh: not found
/bin/sh: 1: /home/lucineer/.openclaw/workspace/bottles/check-bottles.sh: not found
/bin/sh: 1: /home/lucineer/.openclaw/workspace/bottles/check-bottles.sh: not found
/bin/sh: 1: /home/lucineer/.openclaw/workspace/bottles/check-bottles.sh: not found
/bin/sh: 1: /home/lucineer/.openclaw/workspace/bottles/check-bottles.sh: not found
/bin/sh: 1: /home/lucineer/.openclaw/workspace/bottles/check-bottles.sh: not found
/bin/sh: 1: /home/lucineer/.openclaw/workspace/bottles/check-bottles.sh: not found
/bin/sh: 1: /home/lucineer/.openclaw/workspace/bottles/check-bottles.sh: not found
/bin/sh: 1: /home/lucineer/.openclaw/workspace/bottles/check-bottles.sh: not found
/bin/sh: 1: /home/lucineer/.openclaw/workspace/bottles/check-bottles.sh: not found
/bin/sh: 1: /home/lucineer/.openclaw/workspace/bottles/check-bottles.sh: not found
/bin/sh: 1: /home/lucineer/.openclaw/workspace/bottles/check-bottles.sh: not found
/bin/sh: 1: /home/lucineer/.openclaw/workspace/bottles/check-bottles.sh: not found
/bin/sh: 1: /home/lucineer/.openclaw/workspace/bottles/check-bottles.sh: not found
/bin/sh: 1: /home/lucineer/.openclaw/workspace/bottles/check-bottles.sh: not found
/bin/sh: 1: /home/lucineer/.openclaw/workspace/bottles/check-bottles.sh: not found
/bin/sh: 1: /home/lucineer/.openclaw/workspace/bottles/check-bottles.sh: not found
/bin/sh: 1: /home/lucineer/.openclaw/workspace/bottles/check-bottles.sh: not found
/bin/sh: 1: /home/lucineer/.openclaw/workspace/bottles/check-bottles.sh: not found
/bin/sh: 1: /home/lucineer/.openclaw/workspace/bottles/check-bottles.sh: not found
/bin/sh: 1: /home/lucineer/.openclaw/workspace/bottles/check-bottles.sh: not found
/bin/sh: 1: /home/lucineer/.openclaw/workspace/bottles/check-bottles.sh: not found
/bin/sh: 1: /home/lucineer/.openclaw/workspace/bottles/check-bottles.sh: not found
/bin/sh: 1: /home/lucineer/.openclaw/workspace/bottles/check-bottles.sh: not found
/bin/sh: 1: /home/lucineer/.openclaw/workspace/bottles/check-bottles.sh: not found
/bin/sh: 1: /home/lucineer/.openclaw/workspace/bottles/check-bottles.sh: not found
/bin/sh: 1: /home/lucineer/.openclaw/workspace/bottles/check-bottles.sh: not found
/bin/sh: 1: /home/lucineer/.openclaw/workspace/bottles/check-bottles.sh: not found
/bin/sh: 1: /home/lucineer/.openclaw/workspace/bottles/check-bottles.sh: not found
/bin/sh: 1: /home/lucineer/.openclaw/workspace/bottles/check-bottles.sh: not found
/bin/sh: 1: /home/lucineer/.openclaw/workspace/bottles/check-bottles.sh: not found
/bin/sh: 1: /home/lucineer/.openclaw/workspace/bottles/check-bottles.sh: not found
/bin/sh: 1: /home/lucineer/.openclaw/workspace/bottles/check-bottles.sh: not found
/bin/sh: 1: /home/lucineer/.openclaw/workspace/bottles/check-bottles.sh: not found
/bin/sh: 1: /home/lucineer/.openclaw/workspace/bottles/check-bottles.sh: not found
/bin/sh: 1: /home/lucineer/.openclaw/workspace/bottles/check-bottles.sh: not found
/bin/sh: 1: /home/lucineer/.openclaw/workspace/bottles/check-bottles.sh: not found
/bin/sh: 1: /home/lucineer/.openclaw/workspace/bottles/check-bottles.sh: not found
/bin/sh: 1: /home/lucineer/.openclaw/workspace/bottles/check-bottles.sh: not found
/bin/sh: 1: /home/lucineer/.openclaw/workspace/bottles/check-bottles.sh: not found
/bin/sh: 1: /home/lucineer/.openclaw/workspace/bottles/check-bottles.sh: not found
/bin/sh: 1: /home/lucineer/.openclaw/workspace/bottles/check-bottles.sh: not found
/bin/sh: 1: /home/lucineer/.openclaw/workspace/bottles/check-bottles.sh: not found
/bin/sh: 1: /home/lucineer/.openclaw/workspace/bottles/check-bottles.sh: not found
/bin/sh: 1: /home/lucineer/.openclaw/workspace/bottles/check-bottles.sh: not found
/bin/sh: 1: /home/lucineer/.openclaw/workspace/bottles/check-bottles.sh: not found
/bin/sh: 1: /home/lucineer/.openclaw/workspace/bottles/check-bottles.sh: not found
/bin/sh: 1: /home/lucineer/.openclaw/workspace/bottles/check-bottles.sh: not found
/bin/sh: 1: /home/lucineer/.openclaw/workspace/bottles/check-bottles.sh: not found
/bin/sh: 1: /home/lucineer/.openclaw/workspace/bottles/check-bottles.sh: not found
/bin/sh: 1: /home/lucineer/.openclaw/workspace/bottles/check-bottles.sh: not found
/bin/sh: 1: /home/lucineer/.openclaw/workspace/bottles/check-bottles.sh: not found
/bin/sh: 1: /home/lucineer/.openclaw/workspace/bottles/check-bottles.sh: not found
/bin/sh: 1: /home/lucineer/.openclaw/workspace/bottles/check-bottles.sh: not found
/bin/sh: 1: /home/lucineer/.openclaw/workspace/bottles/check-bottles.sh: not found
/bin/sh: 1: /home/lucineer/.openclaw/workspace/bottles/check-bottles.sh: not found
/bin/sh: 1: /home/lucineer/.openclaw/workspace/bottles/check-bottles.sh: not found
/bin/sh: 1: /home/lucineer/.openclaw/workspace/bottles/check-bottles.sh: not found
/bin/sh: 1: /home/lucineer/.openclaw/workspace/bottles/check-bottles.sh: not found
/bin/sh: 1: /home/lucineer/.openclaw/workspace/bottles/check-bottles.sh: not found
/bin/sh: 1: /home/lucineer/.openclaw/workspace/bottles/check-bottles.sh: not found
/bin/sh: 1: /home/lucineer/.openclaw/workspace/bottles/check-bottles.sh: not found
/bin/sh: 1: /home/lucineer/.openclaw/workspace/bottles/check-bottles.sh: not found
/bin/sh: 1: /home/lucineer/.openclaw/workspace/bottles/check-bottles.sh: not found
/bin/sh: 1: /home/lucineer/.openclaw/workspace/bottles/check-bottles.sh: not found
/bin/sh: 1: /home/lucineer/.openclaw/workspace/bottles/check-bottles.sh: not found
/bin/sh: 1: /home/lucineer/.openclaw/workspace/bottles/check-bottles.sh: not found
/bin/sh: 1: /home/lucineer/.openclaw/workspace/bottles/check-bottles.sh: not found
/bin/sh: 1: /home/lucineer/.openclaw/workspace/bottles/check-bottles.sh: not found
/bin/sh: 1: /home/lucineer/.openclaw/workspace/bottles/check-bottles.sh: not found
/bin/sh: 1: /home/lucineer/.openclaw/workspace/bottles/check-bottles.sh: not found
/bin/sh: 1: /home/lucineer/.openclaw/workspace/bottles/check-bottles.sh: not found
/bin/sh: 1: /home/lucineer/.openclaw/workspace/bottles/check-bottles.sh: not found
/bin/sh: 1: /home/lucineer/.openclaw/workspace/bottles/check-bottles.sh: not found
/bin/sh: 1: /home/lucineer/.openclaw/workspace/bottles/check-bottles.sh: not found
/bin/sh: 1: /home/lucineer/.openclaw/workspace/bottles/check-bottles.sh: not found
/bin/sh: 1: /home/lucineer/.openclaw/workspace/bottles/check-bottles.sh: not found
/bin/sh: 1: /home/lucineer/.openclaw/workspace/bottles/check-bottles.sh: not found
/bin/sh: 1: /home/lucineer/.openclaw/workspace/bottles/check-bottles.sh: not found
/bin/sh: 1: /home/lucineer/.openclaw/workspace/bottles/check-bottles.sh: not found
/bin/sh: 1: /home/lucineer/.openclaw/workspace/bottles/check-bottles.sh: not found
/bin/sh: 1: /home/lucineer/.openclaw/workspace/bottles/check-bottles.sh: not found
/bin/sh: 1: /home/lucineer/.openclaw/workspace/bottles/check-bottles.sh: not found
/bin/sh: 1: /home/lucineer/.openclaw/workspace/bottles/check-bottles.sh: not found
/bin/sh: 1: /home/lucineer/.openclaw/workspace/bottles/check-bottles.sh: not found
/bin/sh: 1: /home/lucineer/.openclaw/workspace/bottles/check-bottles.sh: not found
/bin/sh: 1: /home/lucineer/.openclaw/workspace/bottles/check-bottles.sh: not found
/bin/sh: 1: /home/lucineer/.openclaw/workspace/bottles/check-bottles.sh: not found
/bin/sh: 1: /home/lucineer/.openclaw/workspace/bottles/check-bottles.sh: not found
/bin/sh: 1: /home/lucineer/.openclaw/workspace/bottles/check-bottles.sh: not found
/bin/sh: 1: /home/lucineer/.openclaw/workspace/bottles/check-bottles.sh: not found
/bin/sh: 1: /home/lucineer/.openclaw/workspace/bottles/check-bottles.sh: not found
/bin/sh: 1: /home/lucineer/.openclaw/workspace/bottles/check-bottles.sh: not found
/bin/sh: 1: /home/lucineer/.openclaw/workspace/bottles/check-bottles.sh: not found
/bin/sh: 1: /home/lucineer/.openclaw/workspace/bottles/check-bottles.sh: not found
/bin/sh: 1: /home/lucineer/.openclaw/workspace/bottles/check-bottles.sh: not found
/bin/sh: 1: /home/lucineer/.openclaw/workspace/bottles/check-bottles.sh: not found
/bin/sh: 1: /home/lucineer/.openclaw/workspace/bottles/check-bottles.sh: not found
/bin/sh: 1: /home/lucineer/.openclaw/workspace/bottles/check-bottles.sh: not found
/bin/sh: 1: /home/lucineer/.openclaw/workspace/bottles/check-bottles.sh: not found
/bin/sh: 1: /home/lucineer/.openclaw/workspace/bottles/check-bottles.sh: not found
/bin/sh: 1: /home/lucineer/.openclaw/workspace/bottles/check-bottles.sh: not found
/bin/sh: 1: /home/lucineer/.openclaw/workspace/bottles/check-bottles.sh: not found
/bin/sh: 1: /home/lucineer/.openclaw/workspace/bottles/check-bottles.sh: not found
/bin/sh: 1: /home/lucineer/.openclaw/workspace/bottles/check-bottles.sh: not found
/bin/sh: 1: /home/lucineer/.openclaw/workspace/bottles/check-bottles.sh: not found
/bin/sh: 1: /home/lucineer/.openclaw/workspace/bottles/check-bottles.sh: not found
/bin/sh: 1: /home/lucineer/.openclaw/workspace/bottles/check-bottles.sh: not found
/bin/sh: 1: /home/lucineer/.openclaw/workspace/bottles/check-bottles.sh: not found
/bin/sh: 1: /home/lucineer/.openclaw/workspace/bottles/check-bottles.sh: not found
/bin/sh: 1: /home/lucineer/.openclaw/workspace/bottles/check-bottles.sh: not found
/bin/sh: 1: /home/lucineer/.openclaw/workspace/bottles/check-bottles.sh: not found
/bin/sh: 1: /home/lucineer/.openclaw/workspace/bottles/check-bottles.sh: not found
/bin/sh: 1: /home/lucineer/.openclaw/workspace/bottles/check-bottles.sh: not found
/bin/sh: 1: /home/lucineer/.openclaw/workspace/bottles/check-bottles.sh: not found
/bin/sh: 1: /home/lucineer/.openclaw/workspace/bottles/check-bottles.sh: not found
/bin/sh: 1: /home/lucineer/.openclaw/workspace/bottles/check-bottles.sh: not found
/bin/sh: 1: /home/lucineer/.openclaw/workspace/bottles/check-bottles.sh: not found
/bin/sh: 1: /home/lucineer/.openclaw/workspace/bottles/check-bottles.sh: not found
/bin/sh: 1: /home/lucineer/.openclaw/workspace/bottles/check-bottles.sh: not found
/bin/sh: 1: /home/lucineer/.openclaw/workspace/bottles/check-bottles.sh: not found
/bin/sh: 1: /home/lucineer/.openclaw/workspace/bottles/check-bottles.sh: not found
/bin/sh: 1: /home/lucineer/.openclaw/workspace/bottles/check-bottles.sh: not found
